<?xml version="1.0" encoding="UTF-8"?>
<!-- Generated by org.testng.reporters.JUnitReportReporter -->
<testsuite skipped="0" hostname="sampath" name="com.customer_scripts.CreateCustomer_TC_01" tests="1" failures="0" timestamp="2020-04-04T12:46:19 IST" time="30.354" errors="0">
  <testcase name="createCustomer" time="30.354" classname="com.customer_scripts.CreateCustomer_TC_01"/>
</testsuite> <!-- com.customer_scripts.CreateCustomer_TC_01 -->
