<?xml version="1.0" encoding="UTF-8"?>
<!-- Generated by org.testng.reporters.JUnitReportReporter -->
<testsuite skipped="0" hostname="sampath" name="com.project_scripts.CreateCustomer_TC_02" tests="1" failures="0" timestamp="2020-04-05T14:58:51 IST" time="5.316" errors="0">
  <testcase name="createCustome" time="5.316" classname="com.project_scripts.CreateCustomer_TC_02"/>
</testsuite> <!-- com.project_scripts.CreateCustomer_TC_02 -->
