<?xml version="1.0" encoding="UTF-8"?>
<!-- Generated by org.testng.reporters.JUnitReportReporter -->
<testsuite skipped="0" hostname="sampath" name="com.customer_scripts.CreateProject_TC_01" tests="1" failures="0" timestamp="2020-04-05T14:58:51 IST" time="4.746" errors="0">
  <testcase name="createProjecct" time="4.746" classname="com.customer_scripts.CreateProject_TC_01"/>
</testsuite> <!-- com.customer_scripts.CreateProject_TC_01 -->
