<?xml version="1.0" encoding="UTF-8"?>
<!-- Generated by org.testng.reporters.JUnitReportReporter -->
<testsuite skipped="0" hostname="sampath" name="com.customer_scripts.CreateProject_TC_01" tests="1" failures="0" timestamp="2020-04-05T15:53:13 IST" time="6.816" errors="0">
  <testcase name="createProjecct" time="6.816" classname="com.customer_scripts.CreateProject_TC_01"/>
  <system-out/>
</testsuite> <!-- com.customer_scripts.CreateProject_TC_01 -->
