<?xml version="1.0" encoding="UTF-8"?>
<!-- Generated by org.testng.reporters.JUnitReportReporter -->
<testsuite skipped="0" hostname="sampath" name="com.customer_scripts.CreateCustomer_TC_01" tests="1" failures="0" timestamp="2020-04-05T14:09:08 IST" time="7.113" errors="0">
  <testcase name="createCustomer" time="7.113" classname="com.customer_scripts.CreateCustomer_TC_01"/>
  <system-out/>
</testsuite> <!-- com.customer_scripts.CreateCustomer_TC_01 -->
